<?xml version="1.0" encoding="UTF-8"?>
<!-- Generated by org.testng.reporters.JUnitReportReporter -->
<testsuite skipped="0" hostname="QAWIN" name="com.auto.base.TestBase" tests="1" failures="0" timestamp="26 Jan 2019 03:22:18 GMT" time="0.034" errors="0">
  <testcase name="setUp" time="0.034" classname="com.auto.base.TestBase"/>
</testsuite> <!-- com.auto.base.TestBase -->
