<?xml version="1.0" encoding="UTF-8"?>
<!-- Generated by org.testng.reporters.JUnitReportReporter -->
<testsuite skipped="0" hostname="QAWIN" name="com.auto.testcases.TestROOPeration" tests="1" failures="0" timestamp="30 Jan 2019 23:41:05 GMT" time="40.656" errors="0">
  <testcase name="roCreation" time="40.656" classname="com.auto.testcases.TestROOPeration"/>
</testsuite> <!-- com.auto.testcases.TestROOPeration -->
